2025-05-22 05:31:54,397 : INFO - Number of duplicated datas: 0
2025-05-22 05:31:54,397 : INFO - among them duplicated by date and location: 0
2025-05-22 05:31:54,397 : INFO - Number of date&location collisions: 0
2025-05-22 05:31:54,423 : INFO - Missing values: 339981 (233.728172693524%)
2025-05-22 05:31:54,423 : INFO - among them:
2025-05-22 05:31:54,424 : INFO - MinTemp : 1485 (0.010208992162793895%)
2025-05-22 05:31:54,424 : INFO - MaxTemp : 1261 (0.008669049910628352%)
2025-05-22 05:31:54,424 : INFO - Rainfall : 3261 (0.022418534304963565%)
2025-05-22 05:31:54,424 : INFO - Evaporation : 62790 (0.43166506256015397%)
2025-05-22 05:31:54,425 : INFO - Sunshine : 69835 (0.48009762133919975%)
2025-05-22 05:31:54,425 : INFO - WindGustSpeed : 10263 (0.07055547916953114%)
2025-05-22 05:31:54,425 : INFO - WindSpeed9am : 1767 (0.01214766946239516%)
2025-05-22 05:31:54,425 : INFO - WindSpeed3pm : 3062 (0.02105046060772721%)
2025-05-22 05:31:54,425 : INFO - Humidity9am : 2654 (0.018245565791282826%)
2025-05-22 05:31:54,426 : INFO - Humidity3pm : 4507 (0.0309844630826344%)
2025-05-22 05:31:54,426 : INFO - Pressure9am : 15065 (0.10356799120032999%)
2025-05-22 05:31:54,426 : INFO - Pressure3pm : 15028 (0.10331362573903478%)
2025-05-22 05:31:54,426 : INFO - Cloud9am : 55888 (0.3842155919153032%)
2025-05-22 05:31:54,426 : INFO - Cloud3pm : 59358 (0.40807094733947474%)
2025-05-22 05:31:54,426 : INFO - Temp9am : 1767 (0.01214766946239516%)
2025-05-22 05:31:54,427 : INFO - Temp3pm : 3609 (0.02481094458957789%)
2025-05-22 05:31:54,430 : INFO - WindGustDir : 10326 (0.0709885879279527%)
2025-05-22 05:31:54,434 : INFO - WindDir9am : 10566 (0.07263852605527293%)
2025-05-22 05:31:54,438 : INFO - WindDir3pm : 4228 (0.02906641000962464%)
2025-05-22 05:31:54,441 : INFO - RainToday : 3261 (0.022418534304963565%)
2025-05-22 05:31:54,513 : INFO - batchid : 1747881114.5131755
2025-05-22 05:31:54,543 : WARNING - Data overlapped with old data, old data will be overwritten, except NaN through new values.
2025-05-22 05:31:56,461 : INFO - Number of duplicated datas: 0
2025-05-22 05:31:56,462 : INFO - among them duplicated by date and location: 0
2025-05-22 05:31:56,462 : INFO - Number of date&location collisions: 0
2025-05-22 05:31:56,489 : INFO - Missing values: 339978 (233.72611027086484%)
2025-05-22 05:31:56,489 : INFO - among them:
2025-05-22 05:31:56,489 : INFO - MinTemp : 1485 (0.010208992162793895%)
2025-05-22 05:31:56,489 : INFO - MaxTemp : 1261 (0.008669049910628352%)
2025-05-22 05:31:56,490 : INFO - Rainfall : 3261 (0.022418534304963565%)
2025-05-22 05:31:56,490 : INFO - Evaporation : 62789 (0.43165818781795684%)
2025-05-22 05:31:56,490 : INFO - Sunshine : 69834 (0.4800907465970026%)
2025-05-22 05:31:56,490 : INFO - WindGustSpeed : 10263 (0.07055547916953114%)
2025-05-22 05:31:56,490 : INFO - WindSpeed9am : 1767 (0.01214766946239516%)
2025-05-22 05:31:56,491 : INFO - WindSpeed3pm : 3062 (0.02105046060772721%)
2025-05-22 05:31:56,491 : INFO - Humidity9am : 2654 (0.018245565791282826%)
2025-05-22 05:31:56,491 : INFO - Humidity3pm : 4507 (0.0309844630826344%)
2025-05-22 05:31:56,491 : INFO - Pressure9am : 15065 (0.10356799120032999%)
2025-05-22 05:31:56,491 : INFO - Pressure3pm : 15028 (0.10331362573903478%)
2025-05-22 05:31:56,492 : INFO - Cloud9am : 55888 (0.3842155919153032%)
2025-05-22 05:31:56,492 : INFO - Cloud3pm : 59357 (0.4080640725972776%)
2025-05-22 05:31:56,492 : INFO - Temp9am : 1767 (0.01214766946239516%)
2025-05-22 05:31:56,492 : INFO - Temp3pm : 3609 (0.02481094458957789%)
2025-05-22 05:31:56,496 : INFO - WindGustDir : 10326 (0.0709885879279527%)
2025-05-22 05:31:56,499 : INFO - WindDir9am : 10566 (0.07263852605527293%)
2025-05-22 05:31:56,503 : INFO - WindDir3pm : 4228 (0.02906641000962464%)
2025-05-22 05:31:56,506 : INFO - RainToday : 3261 (0.022418534304963565%)
2025-05-22 05:31:56,709 : INFO - Detected 0 duplicates and 0 collisions
2025-05-22 05:31:57,442 : INFO - Intersection in numeric data:
2025-05-22 05:31:57,442 : INFO - MinTemp : 1.0
2025-05-22 05:31:57,442 : INFO - MaxTemp : 1.0
2025-05-22 05:31:57,442 : INFO - Rainfall : 1.0
2025-05-22 05:31:57,442 : INFO - Evaporation : 1.0
2025-05-22 05:31:57,442 : INFO - Sunshine : 1.0
2025-05-22 05:31:57,442 : INFO - WindGustSpeed : 1.0
2025-05-22 05:31:57,442 : INFO - WindSpeed9am : 1.0
2025-05-22 05:31:57,442 : INFO - WindSpeed3pm : 1.0
2025-05-22 05:31:57,442 : INFO - Humidity9am : 1.0
2025-05-22 05:31:57,442 : INFO - Humidity3pm : 1.0
2025-05-22 05:31:57,442 : INFO - Pressure9am : 1.0
2025-05-22 05:31:57,442 : INFO - Pressure3pm : 1.0
2025-05-22 05:31:57,442 : INFO - Cloud9am : 1.0
2025-05-22 05:31:57,442 : INFO - Cloud3pm : 1.0
2025-05-22 05:31:57,442 : INFO - Temp9am : 1.0
2025-05-22 05:31:57,442 : INFO - Temp3pm : 1.0
2025-05-22 05:32:07,441 : INFO - Number of duplicated datas: 0
2025-05-22 05:32:07,441 : INFO - among them duplicated by date and location: 0
2025-05-22 05:32:07,441 : INFO - Number of date&location collisions: 0
2025-05-22 05:32:07,472 : INFO - Missing values: 339978 (233.72611027086484%)
2025-05-22 05:32:07,472 : INFO - among them:
2025-05-22 05:32:07,472 : INFO - MinTemp : 1485 (0.010208992162793895%)
2025-05-22 05:32:07,473 : INFO - MaxTemp : 1261 (0.008669049910628352%)
2025-05-22 05:32:07,473 : INFO - Rainfall : 3261 (0.022418534304963565%)
2025-05-22 05:32:07,473 : INFO - Evaporation : 62789 (0.43165818781795684%)
2025-05-22 05:32:07,473 : INFO - Sunshine : 69834 (0.4800907465970026%)
2025-05-22 05:32:07,474 : INFO - WindGustSpeed : 10263 (0.07055547916953114%)
2025-05-22 05:32:07,474 : INFO - WindSpeed9am : 1767 (0.01214766946239516%)
2025-05-22 05:32:07,474 : INFO - WindSpeed3pm : 3062 (0.02105046060772721%)
2025-05-22 05:32:07,474 : INFO - Humidity9am : 2654 (0.018245565791282826%)
2025-05-22 05:32:07,474 : INFO - Humidity3pm : 4507 (0.0309844630826344%)
2025-05-22 05:32:07,474 : INFO - Pressure9am : 15065 (0.10356799120032999%)
2025-05-22 05:32:07,475 : INFO - Pressure3pm : 15028 (0.10331362573903478%)
2025-05-22 05:32:07,475 : INFO - Cloud9am : 55888 (0.3842155919153032%)
2025-05-22 05:32:07,475 : INFO - Cloud3pm : 59357 (0.4080640725972776%)
2025-05-22 05:32:07,475 : INFO - Temp9am : 1767 (0.01214766946239516%)
2025-05-22 05:32:07,475 : INFO - Temp3pm : 3609 (0.02481094458957789%)
2025-05-22 05:32:07,479 : INFO - WindGustDir : 10326 (0.0709885879279527%)
2025-05-22 05:32:07,483 : INFO - WindDir9am : 10566 (0.07263852605527293%)
2025-05-22 05:32:07,487 : INFO - WindDir3pm : 4228 (0.02906641000962464%)
2025-05-22 05:32:07,490 : INFO - RainToday : 3261 (0.022418534304963565%)
